[14-Feb-2017 21:46:04 UTC] PHP Fatal error:  Uncaught exception 'phpmailerException' with message 'Invalid address:  (setFrom) mail@localhost:8888' in /Users/jeevanbalani/sites/wordpress/interviewrocket/wp-includes/class-phpmailer.php:1023
Stack trace:
#0 /Users/jeevanbalani/sites/wordpress/interviewrocket/wp-includes/pluggable.php(352): PHPMailer->setFrom('mail@localhost:...', 'jj', false)
#1 /Users/jeevanbalani/sites/wordpress/interviewrocket/wp-content/themes/Divi/includes/builder/main-modules.php(10510): wp_mail('jeevanbalani@gm...', 'New Message Fro...', 'Email: jeevanba...', Array)
#2 /Users/jeevanbalani/sites/wordpress/interviewrocket/wp-content/themes/Divi/includes/builder/class-et-builder-element.php(437): ET_Builder_Module_Contact_Form->shortcode_callback(Array, ' [et_pb_contact...', 'et_pb_contact_f...', '', '', '')
#3 [internal function]: ET_Builder_Element->_shortcode_callback(Array, ' [et_pb_contact...', 'et_pb_contact_f...')
#4 /Users/jeevanbalani/sites/wordpress/interviewrocket/wp-includes/shortcodes.php(345): call_user_func(Array, Array in /Users/jeevanbalani/sites/wordpress/interviewrocket/wp-includes/class-phpmailer.php on line 1023
[14-Feb-2017 21:50:45 UTC] PHP Fatal error:  Uncaught exception 'phpmailerException' with message 'Invalid address:  (setFrom) mail@localhost:8888' in /Users/jeevanbalani/sites/wordpress/interviewrocket/wp-includes/class-phpmailer.php:1023
Stack trace:
#0 /Users/jeevanbalani/sites/wordpress/interviewrocket/wp-includes/pluggable.php(352): PHPMailer->setFrom('mail@localhost:...', 'jee', false)
#1 /Users/jeevanbalani/sites/wordpress/interviewrocket/wp-content/themes/Divi/includes/builder/main-modules.php(10510): wp_mail('jeevanbalani@gm...', 'New Message Fro...', 'Email: jeevanba...', Array)
#2 /Users/jeevanbalani/sites/wordpress/interviewrocket/wp-content/themes/Divi/includes/builder/class-et-builder-element.php(437): ET_Builder_Module_Contact_Form->shortcode_callback(Array, ' [et_pb_contact...', 'et_pb_contact_f...', '', '', '')
#3 [internal function]: ET_Builder_Element->_shortcode_callback(Array, ' [et_pb_contact...', 'et_pb_contact_f...')
#4 /Users/jeevanbalani/sites/wordpress/interviewrocket/wp-includes/shortcodes.php(345): call_user_func(Array, Arra in /Users/jeevanbalani/sites/wordpress/interviewrocket/wp-includes/class-phpmailer.php on line 1023
[14-Feb-2017 21:54:20 UTC] PHP Fatal error:  Uncaught exception 'phpmailerException' with message 'Invalid address:  (setFrom) mail@localhost:8888' in /Users/jeevanbalani/sites/wordpress/interviewrocket/wp-includes/class-phpmailer.php:1023
Stack trace:
#0 /Users/jeevanbalani/sites/wordpress/interviewrocket/wp-includes/pluggable.php(352): PHPMailer->setFrom('mail@localhost:...', 'BABA', false)
#1 /Users/jeevanbalani/sites/wordpress/interviewrocket/wp-content/themes/Divi/includes/builder/main-modules.php(10510): wp_mail('jeevanbalani@gm...', 'New Message Fro...', 'hello', Array)
#2 /Users/jeevanbalani/sites/wordpress/interviewrocket/wp-content/themes/Divi/includes/builder/class-et-builder-element.php(437): ET_Builder_Module_Contact_Form->shortcode_callback(Array, ' [et_pb_contact...', 'et_pb_contact_f...', '', '', '')
#3 [internal function]: ET_Builder_Element->_shortcode_callback(Array, ' [et_pb_contact...', 'et_pb_contact_f...')
#4 /Users/jeevanbalani/sites/wordpress/interviewrocket/wp-includes/shortcodes.php(345): call_user_func(Array, Array, ' [et_pb_ in /Users/jeevanbalani/sites/wordpress/interviewrocket/wp-includes/class-phpmailer.php on line 1023
[14-Feb-2017 21:59:11 UTC] PHP Fatal error:  Uncaught exception 'phpmailerException' with message 'Invalid address:  (setFrom) mail@localhost:8888' in /Users/jeevanbalani/sites/wordpress/interviewrocket/wp-includes/class-phpmailer.php:1023
Stack trace:
#0 /Users/jeevanbalani/sites/wordpress/interviewrocket/wp-includes/pluggable.php(352): PHPMailer->setFrom('mail@localhost:...', 'fdq', false)
#1 /Users/jeevanbalani/sites/wordpress/interviewrocket/wp-content/themes/Divi/includes/builder/main-modules.php(10510): wp_mail('jeevanbalani@gm...', 'New Message Fro...', 'hello', Array)
#2 /Users/jeevanbalani/sites/wordpress/interviewrocket/wp-content/themes/Divi/includes/builder/class-et-builder-element.php(437): ET_Builder_Module_Contact_Form->shortcode_callback(Array, ' [et_pb_contact...', 'et_pb_contact_f...', '', '', '')
#3 [internal function]: ET_Builder_Element->_shortcode_callback(Array, ' [et_pb_contact...', 'et_pb_contact_f...')
#4 /Users/jeevanbalani/sites/wordpress/interviewrocket/wp-includes/shortcodes.php(345): call_user_func(Array, Array, ' [et_pb_c in /Users/jeevanbalani/sites/wordpress/interviewrocket/wp-includes/class-phpmailer.php on line 1023
[14-Feb-2017 22:06:03 UTC] PHP Fatal error:  Uncaught exception 'phpmailerException' with message 'Invalid address:  (setFrom) mail@localhost:8888' in /Users/jeevanbalani/sites/wordpress/interviewrocket/wp-includes/class-phpmailer.php:1023
Stack trace:
#0 /Users/jeevanbalani/sites/wordpress/interviewrocket/wp-includes/pluggable.php(352): PHPMailer->setFrom('mail@localhost:...', 'jeevy', false)
#1 /Users/jeevanbalani/sites/wordpress/interviewrocket/wp-content/themes/Divi/includes/builder/main-modules.php(10510): wp_mail('jeevanbalani@gm...', 'New Message Fro...', 'hello', Array)
#2 /Users/jeevanbalani/sites/wordpress/interviewrocket/wp-content/themes/Divi/includes/builder/class-et-builder-element.php(437): ET_Builder_Module_Contact_Form->shortcode_callback(Array, ' [et_pb_contact...', 'et_pb_contact_f...', '', '', '')
#3 [internal function]: ET_Builder_Element->_shortcode_callback(Array, ' [et_pb_contact...', 'et_pb_contact_f...')
#4 /Users/jeevanbalani/sites/wordpress/interviewrocket/wp-includes/shortcodes.php(345): call_user_func(Array, Array, ' [et_pb in /Users/jeevanbalani/sites/wordpress/interviewrocket/wp-includes/class-phpmailer.php on line 1023
[14-Feb-2017 22:10:18 UTC] PHP Fatal error:  Uncaught exception 'phpmailerException' with message 'Invalid address:  (setFrom) mail@localhost:8888' in /Users/jeevanbalani/sites/wordpress/interviewrocket/wp-includes/class-phpmailer.php:1023
Stack trace:
#0 /Users/jeevanbalani/sites/wordpress/interviewrocket/wp-includes/pluggable.php(352): PHPMailer->setFrom('mail@localhost:...', 'ffadfa', false)
#1 /Users/jeevanbalani/sites/wordpress/interviewrocket/wp-content/themes/Divi/includes/builder/main-modules.php(10510): wp_mail('jeevanbalani@gm...', 'New Message Fro...', 'hhrhe', Array)
#2 /Users/jeevanbalani/sites/wordpress/interviewrocket/wp-content/themes/Divi/includes/builder/class-et-builder-element.php(437): ET_Builder_Module_Contact_Form->shortcode_callback(Array, ' [et_pb_contact...', 'et_pb_contact_f...', '', '', '')
#3 [internal function]: ET_Builder_Element->_shortcode_callback(Array, ' [et_pb_contact...', 'et_pb_contact_f...')
#4 /Users/jeevanbalani/sites/wordpress/interviewrocket/wp-includes/shortcodes.php(345): call_user_func(Array, Array, ' [et_p in /Users/jeevanbalani/sites/wordpress/interviewrocket/wp-includes/class-phpmailer.php on line 1023
[14-Feb-2017 22:14:39 UTC] PHP Fatal error:  Uncaught exception 'phpmailerException' with message 'Invalid address:  (setFrom) mail@localhost:8888' in /Users/jeevanbalani/sites/wordpress/interviewrocket/wp-includes/class-phpmailer.php:1023
Stack trace:
#0 /Users/jeevanbalani/sites/wordpress/interviewrocket/wp-includes/pluggable.php(352): PHPMailer->setFrom('mail@localhost:...', 'fda', false)
#1 /Users/jeevanbalani/sites/wordpress/interviewrocket/wp-content/themes/Divi/includes/builder/main-modules.php(10510): wp_mail('jeevanbalani@gm...', 'New Message Fro...', 'jfkdaj', Array)
#2 /Users/jeevanbalani/sites/wordpress/interviewrocket/wp-content/themes/Divi/includes/builder/class-et-builder-element.php(437): ET_Builder_Module_Contact_Form->shortcode_callback(Array, ' [et_pb_contact...', 'et_pb_contact_f...', '', '', '')
#3 [internal function]: ET_Builder_Element->_shortcode_callback(Array, ' [et_pb_contact...', 'et_pb_contact_f...')
#4 /Users/jeevanbalani/sites/wordpress/interviewrocket/wp-includes/shortcodes.php(345): call_user_func(Array, Array, ' [et_pb_ in /Users/jeevanbalani/sites/wordpress/interviewrocket/wp-includes/class-phpmailer.php on line 1023
[14-Feb-2017 22:24:50 UTC] PHP Fatal error:  Uncaught exception 'phpmailerException' with message 'Invalid address:  (setFrom) mail@localhost:8888' in /Users/jeevanbalani/sites/wordpress/interviewrocket/wp-includes/class-phpmailer.php:1023
Stack trace:
#0 /Users/jeevanbalani/sites/wordpress/interviewrocket/wp-includes/pluggable.php(352): PHPMailer->setFrom('mail@localhost:...', 'fdaf', false)
#1 /Users/jeevanbalani/sites/wordpress/interviewrocket/wp-content/themes/Divi/includes/builder/main-modules.php(10510): wp_mail('jeevanbalani@gm...', 'New Message Fro...', 'Email: jj@hh.co...', Array)
#2 /Users/jeevanbalani/sites/wordpress/interviewrocket/wp-content/themes/Divi/includes/builder/class-et-builder-element.php(437): ET_Builder_Module_Contact_Form->shortcode_callback(Array, ' [et_pb_contact...', 'et_pb_contact_f...', '', '', '')
#3 [internal function]: ET_Builder_Element->_shortcode_callback(Array, ' [et_pb_contact...', 'et_pb_contact_f...')
#4 /Users/jeevanbalani/sites/wordpress/interviewrocket/wp-includes/shortcodes.php(345): call_user_func(Array, Arr in /Users/jeevanbalani/sites/wordpress/interviewrocket/wp-includes/class-phpmailer.php on line 1023
[15-Feb-2017 21:54:45 UTC] PHP Fatal error:  Uncaught exception 'phpmailerException' with message 'Invalid address:  (setFrom) mail@localhost:8888' in /Users/jeevanbalani/sites/wordpress/interviewrocket/wp-includes/class-phpmailer.php:1023
Stack trace:
#0 /Users/jeevanbalani/sites/wordpress/interviewrocket/wp-includes/pluggable.php(352): PHPMailer->setFrom('mail@localhost:...', 'tes', false)
#1 /Users/jeevanbalani/sites/wordpress/interviewrocket/wp-content/themes/Divi/includes/builder/main-modules.php(10510): wp_mail('jeevanbalani@gm...', 'New Message Fro...', 'fdafas', Array)
#2 /Users/jeevanbalani/sites/wordpress/interviewrocket/wp-content/themes/Divi/includes/builder/class-et-builder-element.php(437): ET_Builder_Module_Contact_Form->shortcode_callback(Array, ' [et_pb_contact...', 'et_pb_contact_f...', '', '', '')
#3 [internal function]: ET_Builder_Element->_shortcode_callback(Array, ' [et_pb_contact...', 'et_pb_contact_f...')
#4 /Users/jeevanbalani/sites/wordpress/interviewrocket/wp-includes/shortcodes.php(345): call_user_func(Array, Array, ' [et_pb_ in /Users/jeevanbalani/sites/wordpress/interviewrocket/wp-includes/class-phpmailer.php on line 1023
[15-Feb-2017 22:00:10 UTC] PHP Fatal error:  Uncaught exception 'phpmailerException' with message 'Invalid address:  (setFrom) mail@localhost:8888' in /Users/jeevanbalani/sites/wordpress/interviewrocket/wp-includes/class-phpmailer.php:1023
Stack trace:
#0 /Users/jeevanbalani/sites/wordpress/interviewrocket/wp-includes/pluggable.php(352): PHPMailer->setFrom('mail@localhost:...', 'fda', false)
#1 /Users/jeevanbalani/sites/wordpress/interviewrocket/wp-content/themes/Divi/includes/builder/main-modules.php(10510): wp_mail('jeevanbalani@gm...', 'New Message Fro...', 'fdafas;jkl', Array)
#2 /Users/jeevanbalani/sites/wordpress/interviewrocket/wp-content/themes/Divi/includes/builder/class-et-builder-element.php(437): ET_Builder_Module_Contact_Form->shortcode_callback(Array, ' [et_pb_contact...', 'et_pb_contact_f...', '', '', '')
#3 [internal function]: ET_Builder_Element->_shortcode_callback(Array, ' [et_pb_contact...', 'et_pb_contact_f...')
#4 /Users/jeevanbalani/sites/wordpress/interviewrocket/wp-includes/shortcodes.php(345): call_user_func(Array, Array, ' [et in /Users/jeevanbalani/sites/wordpress/interviewrocket/wp-includes/class-phpmailer.php on line 1023
[17-Feb-2017 05:38:33 UTC] PHP Fatal error:  Uncaught exception 'phpmailerException' with message 'Invalid address:  (setFrom) mail@localhost:8888' in /Users/jeevanbalani/sites/wordpress/interviewrocket/wp-includes/class-phpmailer.php:1023
Stack trace:
#0 /Users/jeevanbalani/sites/wordpress/interviewrocket/wp-includes/pluggable.php(352): PHPMailer->setFrom('mail@localhost:...', 'hello', false)
#1 /Users/jeevanbalani/sites/wordpress/interviewrocket/wp-content/themes/Divi/includes/builder/main-modules.php(10510): wp_mail('jeevanbalani@gm...', 'New Message Fro...', 'hello again', Array)
#2 /Users/jeevanbalani/sites/wordpress/interviewrocket/wp-content/themes/Divi/includes/builder/class-et-builder-element.php(437): ET_Builder_Module_Contact_Form->shortcode_callback(Array, ' [et_pb_contact...', 'et_pb_contact_f...', '', '', '')
#3 [internal function]: ET_Builder_Element->_shortcode_callback(Array, ' [et_pb_contact...', 'et_pb_contact_f...')
#4 /Users/jeevanbalani/sites/wordpress/interviewrocket/wp-includes/shortcodes.php(345): call_user_func(Array, Array, '  in /Users/jeevanbalani/sites/wordpress/interviewrocket/wp-includes/class-phpmailer.php on line 1023
[17-Feb-2017 05:50:33 UTC] PHP Fatal error:  Uncaught exception 'phpmailerException' with message 'Invalid address:  (setFrom) mail@localhost:8888' in /Users/jeevanbalani/sites/wordpress/interviewrocket/wp-includes/class-phpmailer.php:1023
Stack trace:
#0 /Users/jeevanbalani/sites/wordpress/interviewrocket/wp-includes/pluggable.php(352): PHPMailer->setFrom('mail@localhost:...', 'dis work', false)
#1 /Users/jeevanbalani/sites/wordpress/interviewrocket/wp-content/themes/Divi/includes/builder/main-modules.php(10510): wp_mail('jeevanbalani@gm...', 'New Message Fro...', 'test me', Array)
#2 /Users/jeevanbalani/sites/wordpress/interviewrocket/wp-content/themes/Divi/includes/builder/class-et-builder-element.php(437): ET_Builder_Module_Contact_Form->shortcode_callback(Array, ' [et_pb_contact...', 'et_pb_contact_f...', '', '', '')
#3 [internal function]: ET_Builder_Element->_shortcode_callback(Array, ' [et_pb_contact...', 'et_pb_contact_f...')
#4 /Users/jeevanbalani/sites/wordpress/interviewrocket/wp-includes/shortcodes.php(345): call_user_func(Array, Array, ' [ in /Users/jeevanbalani/sites/wordpress/interviewrocket/wp-includes/class-phpmailer.php on line 1023
[17-Feb-2017 05:51:01 UTC] PHP Fatal error:  Uncaught exception 'phpmailerException' with message 'Invalid address:  (setFrom) mail@localhost:8888' in /Users/jeevanbalani/sites/wordpress/interviewrocket/wp-includes/class-phpmailer.php:1023
Stack trace:
#0 /Users/jeevanbalani/sites/wordpress/interviewrocket/wp-includes/pluggable.php(352): PHPMailer->setFrom('mail@localhost:...', 'hotmail dude', false)
#1 /Users/jeevanbalani/sites/wordpress/interviewrocket/wp-content/themes/Divi/includes/builder/main-modules.php(10510): wp_mail('jeevanbalani@gm...', 'New Message Fro...', 'career dude', Array)
#2 /Users/jeevanbalani/sites/wordpress/interviewrocket/wp-content/themes/Divi/includes/builder/class-et-builder-element.php(437): ET_Builder_Module_Contact_Form->shortcode_callback(Array, ' [et_pb_contact...', 'et_pb_contact_f...', '', '', '')
#3 [internal function]: ET_Builder_Element->_shortcode_callback(Array, ' [et_pb_contact...', 'et_pb_contact_f...')
#4 /Users/jeevanbalani/sites/wordpress/interviewrocket/wp-includes/shortcodes.php(345): call_user_func(Array, Ar in /Users/jeevanbalani/sites/wordpress/interviewrocket/wp-includes/class-phpmailer.php on line 1023
[17-Feb-2017 05:52:43 UTC] PHP Fatal error:  Uncaught exception 'phpmailerException' with message 'Invalid address:  (setFrom) mail@localhost:8888' in /Users/jeevanbalani/sites/wordpress/interviewrocket/wp-includes/class-phpmailer.php:1023
Stack trace:
#0 /Users/jeevanbalani/sites/wordpress/interviewrocket/wp-includes/pluggable.php(352): PHPMailer->setFrom('mail@localhost:...', 'name me', false)
#1 /Users/jeevanbalani/sites/wordpress/interviewrocket/wp-content/themes/Divi/includes/builder/main-modules.php(10510): wp_mail('jeevanbalani@gm...', 'New Message Fro...', 'hello hotmail', Array)
#2 /Users/jeevanbalani/sites/wordpress/interviewrocket/wp-content/themes/Divi/includes/builder/class-et-builder-element.php(437): ET_Builder_Module_Contact_Form->shortcode_callback(Array, ' [et_pb_contact...', 'et_pb_contact_f...', '', '', '')
#3 [internal function]: ET_Builder_Element->_shortcode_callback(Array, ' [et_pb_contact...', 'et_pb_contact_f...')
#4 /Users/jeevanbalani/sites/wordpress/interviewrocket/wp-includes/shortcodes.php(345): call_user_func(Array, Array in /Users/jeevanbalani/sites/wordpress/interviewrocket/wp-includes/class-phpmailer.php on line 1023
[17-Feb-2017 05:59:20 UTC] PHP Notice:  Undefined index: package in /Users/jeevanbalani/sites/wordpress/interviewrocket/wp-admin/includes/class-theme-upgrader.php on line 380
[17-Feb-2017 06:01:03 UTC] PHP Notice:  Undefined index: value_sanitize_function in /Users/jeevanbalani/sites/wordpress/interviewrocket/wp-content/themes/Divi/epanel/core_functions.php on line 685
[17-Feb-2017 06:01:03 UTC] PHP Notice:  Undefined index: value_sanitize_function in /Users/jeevanbalani/sites/wordpress/interviewrocket/wp-content/themes/Divi/epanel/core_functions.php on line 685
[17-Feb-2017 06:02:14 UTC] PHP Fatal error:  Uncaught exception 'phpmailerException' with message 'Invalid address:  (setFrom) mail@localhost:8888' in /Users/jeevanbalani/sites/wordpress/interviewrocket/wp-includes/class-phpmailer.php:1023
Stack trace:
#0 /Users/jeevanbalani/sites/wordpress/interviewrocket/wp-includes/pluggable.php(352): PHPMailer->setFrom('mail@localhost:...', 'jlb', false)
#1 /Users/jeevanbalani/sites/wordpress/interviewrocket/wp-content/themes/Divi/includes/builder/main-modules.php(10587): wp_mail('jeevanbalani@gm...', 'New Message Fro...', 'fda', Array)
#2 /Users/jeevanbalani/sites/wordpress/interviewrocket/wp-content/themes/Divi/includes/builder/class-et-builder-element.php(439): ET_Builder_Module_Contact_Form->shortcode_callback(Array, ' [et_pb_contact...', 'et_pb_contact_f...', '', '', '')
#3 [internal function]: ET_Builder_Element->_shortcode_callback(Array, ' [et_pb_contact...', 'et_pb_contact_f...')
#4 /Users/jeevanbalani/sites/wordpress/interviewrocket/wp-includes/shortcodes.php(345): call_user_func(Array, Array, ' [et_pb_con in /Users/jeevanbalani/sites/wordpress/interviewrocket/wp-includes/class-phpmailer.php on line 1023
[17-Feb-2017 06:02:30 UTC] PHP Fatal error:  Uncaught exception 'phpmailerException' with message 'Invalid address:  (setFrom) mail@localhost:8888' in /Users/jeevanbalani/sites/wordpress/interviewrocket/wp-includes/class-phpmailer.php:1023
Stack trace:
#0 /Users/jeevanbalani/sites/wordpress/interviewrocket/wp-includes/pluggable.php(352): PHPMailer->setFrom('mail@localhost:...', 'jeevan', false)
#1 /Users/jeevanbalani/sites/wordpress/interviewrocket/wp-content/themes/Divi/includes/builder/main-modules.php(10587): wp_mail('jeevanbalani@gm...', 'New Message Fro...', 'testing', Array)
#2 /Users/jeevanbalani/sites/wordpress/interviewrocket/wp-content/themes/Divi/includes/builder/class-et-builder-element.php(439): ET_Builder_Module_Contact_Form->shortcode_callback(Array, ' [et_pb_contact...', 'et_pb_contact_f...', '', '', '')
#3 [internal function]: ET_Builder_Element->_shortcode_callback(Array, ' [et_pb_contact...', 'et_pb_contact_f...')
#4 /Users/jeevanbalani/sites/wordpress/interviewrocket/wp-includes/shortcodes.php(345): call_user_func(Array, Array, ' [et in /Users/jeevanbalani/sites/wordpress/interviewrocket/wp-includes/class-phpmailer.php on line 1023
[17-Feb-2017 06:03:30 UTC] PHP Fatal error:  Uncaught exception 'phpmailerException' with message 'Invalid address:  (setFrom) mail@localhost:8888' in /Users/jeevanbalani/sites/wordpress/interviewrocket/wp-includes/class-phpmailer.php:1023
Stack trace:
#0 /Users/jeevanbalani/sites/wordpress/interviewrocket/wp-includes/pluggable.php(352): PHPMailer->setFrom('mail@localhost:...', 'testname', false)
#1 /Users/jeevanbalani/sites/wordpress/interviewrocket/wp-content/themes/Divi/includes/builder/main-modules.php(10587): wp_mail('jeevanbalani@gm...', 'New Message Fro...', 'hello dude', Array)
#2 /Users/jeevanbalani/sites/wordpress/interviewrocket/wp-content/themes/Divi/includes/builder/class-et-builder-element.php(439): ET_Builder_Module_Contact_Form->shortcode_callback(Array, ' [et_pb_contact...', 'et_pb_contact_f...', '', '', '')
#3 [internal function]: ET_Builder_Element->_shortcode_callback(Array, ' [et_pb_contact...', 'et_pb_contact_f...')
#4 /Users/jeevanbalani/sites/wordpress/interviewrocket/wp-includes/shortcodes.php(345): call_user_func(Array, Array,  in /Users/jeevanbalani/sites/wordpress/interviewrocket/wp-includes/class-phpmailer.php on line 1023
[17-Feb-2017 06:12:18 UTC] PHP Notice:  Undefined variable: post in /Users/jeevanbalani/sites/wordpress/interviewrocket/wp-content/plugins/contact-form-7-style/cf7-style.php on line 805
[17-Feb-2017 06:12:18 UTC] PHP Notice:  Trying to get property of non-object in /Users/jeevanbalani/sites/wordpress/interviewrocket/wp-content/plugins/contact-form-7-style/cf7-style.php on line 805
[17-Feb-2017 06:15:08 UTC] PHP Notice:  Undefined variable: post in /Users/jeevanbalani/sites/wordpress/interviewrocket/wp-content/plugins/contact-form-7-style/cf7-style.php on line 805
[17-Feb-2017 06:15:08 UTC] PHP Notice:  Trying to get property of non-object in /Users/jeevanbalani/sites/wordpress/interviewrocket/wp-content/plugins/contact-form-7-style/cf7-style.php on line 805
[17-Feb-2017 06:22:39 UTC] PHP Notice:  Undefined variable: post in /Users/jeevanbalani/sites/wordpress/interviewrocket/wp-content/plugins/contact-form-7-style/cf7-style.php on line 805
[17-Feb-2017 06:22:39 UTC] PHP Notice:  Trying to get property of non-object in /Users/jeevanbalani/sites/wordpress/interviewrocket/wp-content/plugins/contact-form-7-style/cf7-style.php on line 805
[17-Feb-2017 06:22:44 UTC] PHP Notice:  Undefined variable: post in /Users/jeevanbalani/sites/wordpress/interviewrocket/wp-content/plugins/contact-form-7-style/cf7-style.php on line 805
[17-Feb-2017 06:22:44 UTC] PHP Notice:  Trying to get property of non-object in /Users/jeevanbalani/sites/wordpress/interviewrocket/wp-content/plugins/contact-form-7-style/cf7-style.php on line 805
[19-Feb-2017 04:37:13 UTC] PHP Warning:  An unexpected error occurred. Something may be wrong with WordPress.org or this server&#8217;s configuration. If you continue to have problems, please try the <a href="https://wordpress.org/support/">support forums</a>. (WordPress could not establish a secure connection to WordPress.org. Please contact your server administrator.) in /Users/jeevanbalani/sites/wordpress/interviewrocket/wp-includes/update.php on line 130
[19-Feb-2017 04:37:13 UTC] PHP Warning:  An unexpected error occurred. Something may be wrong with WordPress.org or this server&#8217;s configuration. If you continue to have problems, please try the <a href="https://wordpress.org/support/">support forums</a>. (WordPress could not establish a secure connection to WordPress.org. Please contact your server administrator.) in /Users/jeevanbalani/sites/wordpress/interviewrocket/wp-includes/update.php on line 320
[19-Feb-2017 04:37:13 UTC] PHP Warning:  An unexpected error occurred. Something may be wrong with WordPress.org or this server&#8217;s configuration. If you continue to have problems, please try the <a href="https://wordpress.org/support/">support forums</a>. (WordPress could not establish a secure connection to WordPress.org. Please contact your server administrator.) in /Users/jeevanbalani/sites/wordpress/interviewrocket/wp-includes/update.php on line 500
[19-Feb-2017 04:52:52 UTC] PHP Notice:  Trying to get property of non-object in /Users/jeevanbalani/sites/wordpress/interviewrocket/wp-content/plugins/contact-form-7-style/cf7-style-meta-box.php on line 293
[19-Feb-2017 04:52:52 UTC] PHP Warning:  Invalid argument supplied for foreach() in /Users/jeevanbalani/sites/wordpress/interviewrocket/wp-content/plugins/contact-form-7-style/cf7-style-meta-box.php on line 293
[19-Feb-2017 05:04:05 UTC] PHP Notice:  Undefined variable: post in /Users/jeevanbalani/sites/wordpress/interviewrocket/wp-content/plugins/contact-form-7-style/cf7-style.php on line 805
[19-Feb-2017 05:04:05 UTC] PHP Notice:  Trying to get property of non-object in /Users/jeevanbalani/sites/wordpress/interviewrocket/wp-content/plugins/contact-form-7-style/cf7-style.php on line 805
[19-Feb-2017 05:07:55 UTC] PHP Notice:  Undefined variable: post in /Users/jeevanbalani/sites/wordpress/interviewrocket/wp-content/plugins/contact-form-7-style/cf7-style.php on line 805
[19-Feb-2017 05:07:55 UTC] PHP Notice:  Trying to get property of non-object in /Users/jeevanbalani/sites/wordpress/interviewrocket/wp-content/plugins/contact-form-7-style/cf7-style.php on line 805
[19-Feb-2017 05:09:04 UTC] PHP Notice:  Undefined variable: post in /Users/jeevanbalani/sites/wordpress/interviewrocket/wp-content/plugins/contact-form-7-style/cf7-style.php on line 805
[19-Feb-2017 05:09:04 UTC] PHP Notice:  Trying to get property of non-object in /Users/jeevanbalani/sites/wordpress/interviewrocket/wp-content/plugins/contact-form-7-style/cf7-style.php on line 805
[19-Feb-2017 05:09:33 UTC] PHP Notice:  Undefined variable: post in /Users/jeevanbalani/sites/wordpress/interviewrocket/wp-content/plugins/contact-form-7-style/cf7-style.php on line 805
[19-Feb-2017 05:09:33 UTC] PHP Notice:  Trying to get property of non-object in /Users/jeevanbalani/sites/wordpress/interviewrocket/wp-content/plugins/contact-form-7-style/cf7-style.php on line 805
[19-Feb-2017 05:10:08 UTC] PHP Notice:  Undefined variable: post in /Users/jeevanbalani/sites/wordpress/interviewrocket/wp-content/plugins/contact-form-7-style/cf7-style.php on line 805
[19-Feb-2017 05:10:08 UTC] PHP Notice:  Trying to get property of non-object in /Users/jeevanbalani/sites/wordpress/interviewrocket/wp-content/plugins/contact-form-7-style/cf7-style.php on line 805
[19-Feb-2017 05:10:55 UTC] PHP Notice:  Undefined variable: post in /Users/jeevanbalani/sites/wordpress/interviewrocket/wp-content/plugins/contact-form-7-style/cf7-style.php on line 805
[19-Feb-2017 05:10:55 UTC] PHP Notice:  Trying to get property of non-object in /Users/jeevanbalani/sites/wordpress/interviewrocket/wp-content/plugins/contact-form-7-style/cf7-style.php on line 805
[19-Feb-2017 05:11:31 UTC] PHP Notice:  Undefined variable: post in /Users/jeevanbalani/sites/wordpress/interviewrocket/wp-content/plugins/contact-form-7-style/cf7-style.php on line 805
[19-Feb-2017 05:11:31 UTC] PHP Notice:  Trying to get property of non-object in /Users/jeevanbalani/sites/wordpress/interviewrocket/wp-content/plugins/contact-form-7-style/cf7-style.php on line 805
[19-Feb-2017 05:16:07 UTC] PHP Notice:  Undefined variable: post in /Users/jeevanbalani/sites/wordpress/interviewrocket/wp-content/plugins/contact-form-7-style/cf7-style.php on line 805
[19-Feb-2017 05:16:07 UTC] PHP Notice:  Trying to get property of non-object in /Users/jeevanbalani/sites/wordpress/interviewrocket/wp-content/plugins/contact-form-7-style/cf7-style.php on line 805
[19-Feb-2017 05:17:16 UTC] PHP Notice:  Undefined variable: post in /Users/jeevanbalani/sites/wordpress/interviewrocket/wp-content/plugins/contact-form-7-style/cf7-style.php on line 805
[19-Feb-2017 05:17:16 UTC] PHP Notice:  Trying to get property of non-object in /Users/jeevanbalani/sites/wordpress/interviewrocket/wp-content/plugins/contact-form-7-style/cf7-style.php on line 805
[20-Feb-2017 20:12:01 UTC] PHP Warning:  An unexpected error occurred. Something may be wrong with WordPress.org or this server&#8217;s configuration. If you continue to have problems, please try the <a href="https://wordpress.org/support/">support forums</a>. (WordPress could not establish a secure connection to WordPress.org. Please contact your server administrator.) in /Users/jeevanbalani/sites/wordpress/interviewrocket/wp-includes/update.php on line 130
[20-Feb-2017 20:12:01 UTC] PHP Warning:  An unexpected error occurred. Something may be wrong with WordPress.org or this server&#8217;s configuration. If you continue to have problems, please try the <a href="https://wordpress.org/support/">support forums</a>. (WordPress could not establish a secure connection to WordPress.org. Please contact your server administrator.) in /Users/jeevanbalani/sites/wordpress/interviewrocket/wp-includes/update.php on line 320
[20-Feb-2017 20:12:01 UTC] PHP Warning:  An unexpected error occurred. Something may be wrong with WordPress.org or this server&#8217;s configuration. If you continue to have problems, please try the <a href="https://wordpress.org/support/">support forums</a>. (WordPress could not establish a secure connection to WordPress.org. Please contact your server administrator.) in /Users/jeevanbalani/sites/wordpress/interviewrocket/wp-includes/update.php on line 500
